Using pre-set license
Built from '2020.3/staging' branch; Version is '2020.3.11f1 (99c7afb366b3) revision 10078127'; Using compiler version '192528614'; Build Type 'Release'
OS: 'Windows 10 Home; OS build 22000.493; Version 2009; 64bit' Language: 'en' Physical Memory: 16320 MB
BatchMode: 1, IsHumanControllingUs: 0, StartBugReporterOnCrash: 0, Is64bit: 1, IsPro: 0

 COMMAND LINE ARGUMENTS:
C:\Program Files\Unity\Hub\Editor\2020.3.11f1\Editor\Unity.exe
-adb2
-batchMode
-noUpm
-name
AssetImportWorker0
-projectPath
C:/Users/damon/OneDrive/Documents/GitHub/Top-Down-Shooter-Game-Project/Top Down Shooter Project
-logFile
Logs/AssetImportWorker0.log
-srvPort
53305
Successfully changed project path to: C:/Users/damon/OneDrive/Documents/GitHub/Top-Down-Shooter-Game-Project/Top Down Shooter Project
C:/Users/damon/OneDrive/Documents/GitHub/Top-Down-Shooter-Game-Project/Top Down Shooter Project
Using Asset Import Pipeline V2.
Refreshing native plugins compatible for Editor in 35.60 ms, found 3 plugins.
Preloading 0 native plugins for Editor in 0.00 ms.
Initialize engine version: 2020.3.11f1 (99c7afb366b3)
[Subsystems] Discovering subsystems at path C:/Program Files/Unity/Hub/Editor/2020.3.11f1/Editor/Data/Resources/UnitySubsystems
[Subsystems] Discovering subsystems at path C:/Users/damon/OneDrive/Documents/GitHub/Top-Down-Shooter-Game-Project/Top Down Shooter Project/Assets
GfxDevice: creating device client; threaded=0
Direct3D:
    Version:  Direct3D 11.0 [level 11.1]
    Renderer: Radeon RX 580 Series (ID=0x67df)
    Vendor:   
    VRAM:     8171 MB
    Driver:   30.0.13023.4001
Initialize mono
Mono path[0] = 'C:/Program Files/Unity/Hub/Editor/2020.3.11f1/Editor/Data/Managed'
Mono path[1] = 'C:/Program Files/Unity/Hub/Editor/2020.3.11f1/Editor/Data/MonoBleedingEdge/lib/mono/unityjit'
Mono config path = 'C:/Program Files/Unity/Hub/Editor/2020.3.11f1/Editor/Data/MonoBleedingEdge/etc'
Using monoOptions --debugger-agent=transport=dt_socket,embedding=1,server=y,suspend=n,address=127.0.0.1:56612
Begin MonoManager ReloadAssembly
Registering precompiled unity dll's ...
Register platform support module: C:/Program Files/Unity/Hub/Editor/2020.3.11f1/Editor/Data/PlaybackEngines/WindowsStandaloneSupport/UnityEditor.WindowsStandalone.Extensions.dll
Registered in 0.001303 seconds.
Native extension for WindowsStandalone target not found
Refreshing native plugins compatible for Editor in 35.50 ms, found 3 plugins.
Preloading 0 native plugins for Editor in 0.00 ms.
Mono: successfully reloaded assembly
- Completed reload, in  0.933 seconds
Platform modules already initialized, skipping
Registering precompiled user dll's ...
Registered in 0.003116 seconds.
Begin MonoManager ReloadAssembly
Native extension for WindowsStandalone target not found
Refreshing native plugins compatible for Editor in 41.46 ms, found 3 plugins.
Preloading 0 native plugins for Editor in 0.00 ms.
Mono: successfully reloaded assembly
- Completed reload, in  0.944 seconds
Platform modules already initialized, skipping
========================================================================
Worker process is ready to serve import requests
Launched and connected shader compiler UnityShaderCompiler.exe after 0.04 seconds
Refreshing native plugins compatible for Editor in 0.47 ms, found 3 plugins.
Preloading 0 native plugins for Editor in 0.00 ms.
Unloading 2094 Unused Serialized files (Serialized files now loaded: 0)
System memory in use before: 94.1 MB.
System memory in use after: 94.0 MB.

Unloading 33 unused Assets to reduce memory usage. Loaded Objects now: 2529.
Total: 2.026100 ms (FindLiveObjects: 0.190500 ms CreateObjectMapping: 0.048400 ms MarkObjects: 1.672600 ms  DeleteObjects: 0.113500 ms)

========================================================================
Received Import Request.
  path: Assets/Scripts/InventorySystem
  artifactKey: Guid(b82216c1f40b34a4fbf9a81585d0ae6f) Importer(815301076,1909f56bfc062723c751e8b465ee728b)
Start importing Assets/Scripts/InventorySystem using Guid(b82216c1f40b34a4fbf9a81585d0ae6f) Importer(815301076,1909f56bfc062723c751e8b465ee728b)  -> (artifact id: '68d87a0d420a4bf9f49674dd935cc048') in 0.023559 seconds
  Import took 0.026294 seconds .

========================================================================
Received Import Request.
  Time since last request: 17.374974 seconds.
  path: Assets/Scripts/MinmapSystem
  artifactKey: Guid(8958dac959e101d4383278c8811315f0) Importer(815301076,1909f56bfc062723c751e8b465ee728b)
Start importing Assets/Scripts/MinmapSystem using Guid(8958dac959e101d4383278c8811315f0) Importer(815301076,1909f56bfc062723c751e8b465ee728b)  -> (artifact id: '0c1327c4b317262e626a4180a5693578') in 0.001658 seconds
  Import took 0.425588 seconds .

========================================================================
Received Prepare
Registering precompiled user dll's ...
Registered in 0.002819 seconds.
Begin MonoManager ReloadAssembly
Native extension for WindowsStandalone target not found
Refreshing native plugins compatible for Editor in 0.49 ms, found 3 plugins.
Preloading 0 native plugins for Editor in 0.00 ms.
Mono: successfully reloaded assembly
- Completed reload, in  0.799 seconds
Platform modules already initialized, skipping
Refreshing native plugins compatible for Editor in 0.42 ms, found 3 plugins.
Preloading 0 native plugins for Editor in 0.00 ms.
Unloading 2089 Unused Serialized files (Serialized files now loaded: 0)
System memory in use before: 94.0 MB.
System memory in use after: 94.0 MB.

Unloading 21 unused Assets to reduce memory usage. Loaded Objects now: 2533.
Total: 2.183000 ms (FindLiveObjects: 0.217600 ms CreateObjectMapping: 0.047100 ms MarkObjects: 1.803200 ms  DeleteObjects: 0.114300 ms)

========================================================================
Received Prepare
Registering precompiled user dll's ...
Registered in 0.002993 seconds.
Begin MonoManager ReloadAssembly
Native extension for WindowsStandalone target not found
Refreshing native plugins compatible for Editor in 0.62 ms, found 3 plugins.
Preloading 0 native plugins for Editor in 0.00 ms.
Mono: successfully reloaded assembly
- Completed reload, in  0.808 seconds
Platform modules already initialized, skipping
Refreshing native plugins compatible for Editor in 0.37 ms, found 3 plugins.
Preloading 0 native plugins for Editor in 0.00 ms.
Unloading 2089 Unused Serialized files (Serialized files now loaded: 0)
System memory in use before: 94.1 MB.
System memory in use after: 94.1 MB.

Unloading 21 unused Assets to reduce memory usage. Loaded Objects now: 2537.
Total: 3.079300 ms (FindLiveObjects: 0.234700 ms CreateObjectMapping: 0.072700 ms MarkObjects: 2.628400 ms  DeleteObjects: 0.142000 ms)

========================================================================
Received Import Request.
  Time since last request: 666.266427 seconds.
  path: Assets/New Render Texture.renderTexture
  artifactKey: Guid(02538ce2a033fe943997897e1d047641) Importer(815301076,1909f56bfc062723c751e8b465ee728b)
Start importing Assets/New Render Texture.renderTexture using Guid(02538ce2a033fe943997897e1d047641) Importer(815301076,1909f56bfc062723c751e8b465ee728b)  -> (artifact id: '06675f7ef91024123d1d0298a21545e8') in 0.111303 seconds
  Import took 0.115814 seconds .

========================================================================
Received Import Request.
  Time since last request: 12.570391 seconds.
  path: Assets/MinimapRenderTexture.renderTexture
  artifactKey: Guid(02538ce2a033fe943997897e1d047641) Importer(815301076,1909f56bfc062723c751e8b465ee728b)
Start importing Assets/MinimapRenderTexture.renderTexture using Guid(02538ce2a033fe943997897e1d047641) Importer(815301076,1909f56bfc062723c751e8b465ee728b)  -> (artifact id: 'eb241b449bd03953899f56f60f38f3cf') in 0.025483 seconds
  Import took 0.028510 seconds .

========================================================================
Received Import Request.
  Time since last request: 322.700409 seconds.
  path: Assets/Scripts/MinmapSystem/Minimap.cs
  artifactKey: Guid(a99028829257adb499565499e7a29679) Importer(815301076,1909f56bfc062723c751e8b465ee728b)
Start importing Assets/Scripts/MinmapSystem/Minimap.cs using Guid(a99028829257adb499565499e7a29679) Importer(815301076,1909f56bfc062723c751e8b465ee728b)  -> (artifact id: 'bc1b20619de6f36c53fdba666676bf97') in 0.060662 seconds
  Import took 0.079870 seconds .

========================================================================
Received Prepare
Registering precompiled user dll's ...
Registered in 0.003067 seconds.
Begin MonoManager ReloadAssembly
Native extension for WindowsStandalone target not found
Refreshing native plugins compatible for Editor in 0.49 ms, found 3 plugins.
Preloading 0 native plugins for Editor in 0.00 ms.
Mono: successfully reloaded assembly
- Completed reload, in  0.806 seconds
Platform modules already initialized, skipping
Refreshing native plugins compatible for Editor in 0.33 ms, found 3 plugins.
Preloading 0 native plugins for Editor in 0.00 ms.
Unloading 2090 Unused Serialized files (Serialized files now loaded: 0)
System memory in use before: 97.1 MB.
System memory in use after: 97.1 MB.

Unloading 21 unused Assets to reduce memory usage. Loaded Objects now: 2547.
Total: 2.005500 ms (FindLiveObjects: 0.196900 ms CreateObjectMapping: 0.049700 ms MarkObjects: 1.658300 ms  DeleteObjects: 0.099500 ms)

========================================================================
Received Prepare
Registering precompiled user dll's ...
Registered in 0.003099 seconds.
Begin MonoManager ReloadAssembly
Native extension for WindowsStandalone target not found
Refreshing native plugins compatible for Editor in 0.48 ms, found 3 plugins.
Preloading 0 native plugins for Editor in 0.00 ms.
Mono: successfully reloaded assembly
- Completed reload, in  0.816 seconds
Platform modules already initialized, skipping
Refreshing native plugins compatible for Editor in 0.39 ms, found 3 plugins.
Preloading 0 native plugins for Editor in 0.00 ms.
Unloading 2090 Unused Serialized files (Serialized files now loaded: 0)
System memory in use before: 97.1 MB.
System memory in use after: 97.1 MB.

Unloading 21 unused Assets to reduce memory usage. Loaded Objects now: 2551.
Total: 2.008300 ms (FindLiveObjects: 0.196700 ms CreateObjectMapping: 0.050200 ms MarkObjects: 1.662600 ms  DeleteObjects: 0.097700 ms)

========================================================================
Received Import Request.
  Time since last request: 284.467368 seconds.
  path: Assets/Scripts/MinmapSystem/Minimap.cs
  artifactKey: Guid(a99028829257adb499565499e7a29679) Importer(815301076,1909f56bfc062723c751e8b465ee728b)
Start importing Assets/Scripts/MinmapSystem/Minimap.cs using Guid(a99028829257adb499565499e7a29679) Importer(815301076,1909f56bfc062723c751e8b465ee728b)  -> (artifact id: '595d3cc8953285bed30b7d43a45fdc1a') in 0.004485 seconds
  Import took 0.007308 seconds .

========================================================================
Received Prepare
Registering precompiled user dll's ...
Registered in 0.002913 seconds.
Begin MonoManager ReloadAssembly
Native extension for WindowsStandalone target not found
Refreshing native plugins compatible for Editor in 0.48 ms, found 3 plugins.
Preloading 0 native plugins for Editor in 0.00 ms.
Mono: successfully reloaded assembly
- Completed reload, in  0.825 seconds
Platform modules already initialized, skipping
Refreshing native plugins compatible for Editor in 0.49 ms, found 3 plugins.
Preloading 0 native plugins for Editor in 0.00 ms.
Unloading 2090 Unused Serialized files (Serialized files now loaded: 0)
System memory in use before: 97.1 MB.
System memory in use after: 97.1 MB.

Unloading 21 unused Assets to reduce memory usage. Loaded Objects now: 2555.
Total: 2.327900 ms (FindLiveObjects: 0.232700 ms CreateObjectMapping: 0.049800 ms MarkObjects: 1.934200 ms  DeleteObjects: 0.109700 ms)

========================================================================
Received Prepare
Registering precompiled user dll's ...
Registered in 0.003063 seconds.
Begin MonoManager ReloadAssembly
Native extension for WindowsStandalone target not found
Refreshing native plugins compatible for Editor in 0.49 ms, found 3 plugins.
Preloading 0 native plugins for Editor in 0.00 ms.
Mono: successfully reloaded assembly
- Completed reload, in  0.819 seconds
Platform modules already initialized, skipping
Refreshing native plugins compatible for Editor in 0.47 ms, found 3 plugins.
Preloading 0 native plugins for Editor in 0.00 ms.
Unloading 2090 Unused Serialized files (Serialized files now loaded: 0)
System memory in use before: 97.1 MB.
System memory in use after: 97.1 MB.

Unloading 21 unused Assets to reduce memory usage. Loaded Objects now: 2559.
Total: 2.067700 ms (FindLiveObjects: 0.181200 ms CreateObjectMapping: 0.049000 ms MarkObjects: 1.734000 ms  DeleteObjects: 0.102700 ms)

========================================================================
Received Prepare
Registering precompiled user dll's ...
Registered in 0.003325 seconds.
Begin MonoManager ReloadAssembly
Native extension for WindowsStandalone target not found
Refreshing native plugins compatible for Editor in 0.49 ms, found 3 plugins.
Preloading 0 native plugins for Editor in 0.00 ms.
Mono: successfully reloaded assembly
- Completed reload, in  2.088 seconds
Platform modules already initialized, skipping
Refreshing native plugins compatible for Editor in 0.39 ms, found 3 plugins.
Preloading 0 native plugins for Editor in 0.00 ms.
Unloading 2090 Unused Serialized files (Serialized files now loaded: 0)
System memory in use before: 97.2 MB.
System memory in use after: 97.1 MB.

Unloading 21 unused Assets to reduce memory usage. Loaded Objects now: 2563.
Total: 1.980500 ms (FindLiveObjects: 0.180200 ms CreateObjectMapping: 0.048200 ms MarkObjects: 1.654800 ms  DeleteObjects: 0.096500 ms)

